
Cell sg13g2_fill_2 (0) disconnected node: VDD
Cell sg13g2_fill_2 (0) disconnected node: VSS
Cell sg13g2_fill_2 (1) disconnected node: VDD
Cell sg13g2_fill_2 (1) disconnected node: VSS

Subcircuit pins:
Circuit 1: sg13g2_fill_2                   |Circuit 2: sg13g2_fill_2                   
-------------------------------------------|-------------------------------------------
VDD                                        |VDD                                        
VSS                                        |VSS                                        
---------------------------------------------------------------------------------------
Cell pin lists are equivalent.
Device classes sg13g2_fill_2 and sg13g2_fill_2 are equivalent.

Cell sg13g2_decap_8 (0) disconnected node: VDD
Cell sg13g2_decap_8 (0) disconnected node: VSS

Subcircuit pins:
Circuit 1: sg13g2_decap_8                  |Circuit 2: sg13g2_decap_8                  
-------------------------------------------|-------------------------------------------
VDD                                        |VDD                                        
VSS                                        |VSS                                        
---------------------------------------------------------------------------------------
Cell pin lists are equivalent.
Device classes sg13g2_decap_8 and sg13g2_decap_8 are equivalent.

Cell sg13g2_decap_4 (0) disconnected node: VDD
Cell sg13g2_decap_4 (0) disconnected node: VSS

Subcircuit pins:
Circuit 1: sg13g2_decap_4                  |Circuit 2: sg13g2_decap_4                  
-------------------------------------------|-------------------------------------------
VDD                                        |VDD                                        
VSS                                        |VSS                                        
---------------------------------------------------------------------------------------
Cell pin lists are equivalent.
Device classes sg13g2_decap_4 and sg13g2_decap_4 are equivalent.

Cell sg13g2_fill_1 (0) disconnected node: VDD
Cell sg13g2_fill_1 (0) disconnected node: VSS
Cell sg13g2_fill_1 (1) disconnected node: VDD
Cell sg13g2_fill_1 (1) disconnected node: VSS

Subcircuit pins:
Circuit 1: sg13g2_fill_1                   |Circuit 2: sg13g2_fill_1                   
-------------------------------------------|-------------------------------------------
VDD                                        |VDD                                        
VSS                                        |VSS                                        
---------------------------------------------------------------------------------------
Cell pin lists are equivalent.
Device classes sg13g2_fill_1 and sg13g2_fill_1 are equivalent.

Cell sg13g2_o21ai_1 (0) disconnected node: B1
Cell sg13g2_o21ai_1 (0) disconnected node: VDD
Cell sg13g2_o21ai_1 (0) disconnected node: Y
Cell sg13g2_o21ai_1 (0) disconnected node: VSS
Cell sg13g2_o21ai_1 (0) disconnected node: A1
Cell sg13g2_o21ai_1 (0) disconnected node: A2

Subcircuit pins:
Circuit 1: sg13g2_o21ai_1                  |Circuit 2: sg13g2_o21ai_1                  
-------------------------------------------|-------------------------------------------
B1                                         |B1                                         
VDD                                        |VDD                                        
Y                                          |Y                                          
VSS                                        |VSS                                        
A1                                         |A1                                         
A2                                         |A2                                         
---------------------------------------------------------------------------------------
Cell pin lists are equivalent.
Device classes sg13g2_o21ai_1 and sg13g2_o21ai_1 are equivalent.

Cell sg13g2_nand3_1 (0) disconnected node: B
Cell sg13g2_nand3_1 (0) disconnected node: C
Cell sg13g2_nand3_1 (0) disconnected node: A
Cell sg13g2_nand3_1 (0) disconnected node: Y
Cell sg13g2_nand3_1 (0) disconnected node: VDD
Cell sg13g2_nand3_1 (0) disconnected node: VSS

Subcircuit pins:
Circuit 1: sg13g2_nand3_1                  |Circuit 2: sg13g2_nand3_1                  
-------------------------------------------|-------------------------------------------
B                                          |B                                          
C                                          |C                                          
A                                          |A                                          
Y                                          |Y                                          
VDD                                        |VDD                                        
VSS                                        |VSS                                        
---------------------------------------------------------------------------------------
Cell pin lists are equivalent.
Device classes sg13g2_nand3_1 and sg13g2_nand3_1 are equivalent.

Cell sg13g2_and2_1 (0) disconnected node: A
Cell sg13g2_and2_1 (0) disconnected node: B
Cell sg13g2_and2_1 (0) disconnected node: X
Cell sg13g2_and2_1 (0) disconnected node: VDD
Cell sg13g2_and2_1 (0) disconnected node: VSS

Subcircuit pins:
Circuit 1: sg13g2_and2_1                   |Circuit 2: sg13g2_and2_1                   
-------------------------------------------|-------------------------------------------
A                                          |A                                          
B                                          |B                                          
X                                          |X                                          
VDD                                        |VDD                                        
VSS                                        |VSS                                        
---------------------------------------------------------------------------------------
Cell pin lists are equivalent.
Device classes sg13g2_and2_1 and sg13g2_and2_1 are equivalent.

Cell sg13g2_nand3b_1 (0) disconnected node: B
Cell sg13g2_nand3b_1 (0) disconnected node: C
Cell sg13g2_nand3b_1 (0) disconnected node: Y
Cell sg13g2_nand3b_1 (0) disconnected node: VDD
Cell sg13g2_nand3b_1 (0) disconnected node: VSS
Cell sg13g2_nand3b_1 (0) disconnected node: A_N

Subcircuit pins:
Circuit 1: sg13g2_nand3b_1                 |Circuit 2: sg13g2_nand3b_1                 
-------------------------------------------|-------------------------------------------
B                                          |B                                          
C                                          |C                                          
Y                                          |Y                                          
VDD                                        |VDD                                        
VSS                                        |VSS                                        
A_N                                        |A_N                                        
---------------------------------------------------------------------------------------
Cell pin lists are equivalent.
Device classes sg13g2_nand3b_1 and sg13g2_nand3b_1 are equivalent.

Cell sg13g2_nor2_1 (0) disconnected node: A
Cell sg13g2_nor2_1 (0) disconnected node: B
Cell sg13g2_nor2_1 (0) disconnected node: Y
Cell sg13g2_nor2_1 (0) disconnected node: VDD
Cell sg13g2_nor2_1 (0) disconnected node: VSS

Subcircuit pins:
Circuit 1: sg13g2_nor2_1                   |Circuit 2: sg13g2_nor2_1                   
-------------------------------------------|-------------------------------------------
A                                          |A                                          
B                                          |B                                          
Y                                          |Y                                          
VDD                                        |VDD                                        
VSS                                        |VSS                                        
---------------------------------------------------------------------------------------
Cell pin lists are equivalent.
Device classes sg13g2_nor2_1 and sg13g2_nor2_1 are equivalent.

Cell sg13g2_nand2_1 (0) disconnected node: Y
Cell sg13g2_nand2_1 (0) disconnected node: A
Cell sg13g2_nand2_1 (0) disconnected node: B
Cell sg13g2_nand2_1 (0) disconnected node: VDD
Cell sg13g2_nand2_1 (0) disconnected node: VSS

Subcircuit pins:
Circuit 1: sg13g2_nand2_1                  |Circuit 2: sg13g2_nand2_1                  
-------------------------------------------|-------------------------------------------
Y                                          |Y                                          
A                                          |A                                          
B                                          |B                                          
VDD                                        |VDD                                        
VSS                                        |VSS                                        
---------------------------------------------------------------------------------------
Cell pin lists are equivalent.
Device classes sg13g2_nand2_1 and sg13g2_nand2_1 are equivalent.

Cell sg13g2_buf_8 (0) disconnected node: A
Cell sg13g2_buf_8 (0) disconnected node: X
Cell sg13g2_buf_8 (0) disconnected node: VDD
Cell sg13g2_buf_8 (0) disconnected node: VSS

Subcircuit pins:
Circuit 1: sg13g2_buf_8                    |Circuit 2: sg13g2_buf_8                    
-------------------------------------------|-------------------------------------------
A                                          |A                                          
X                                          |X                                          
VDD                                        |VDD                                        
VSS                                        |VSS                                        
---------------------------------------------------------------------------------------
Cell pin lists are equivalent.
Device classes sg13g2_buf_8 and sg13g2_buf_8 are equivalent.

Cell sg13g2_xnor2_1 (0) disconnected node: Y
Cell sg13g2_xnor2_1 (0) disconnected node: A
Cell sg13g2_xnor2_1 (0) disconnected node: B
Cell sg13g2_xnor2_1 (0) disconnected node: VDD
Cell sg13g2_xnor2_1 (0) disconnected node: VSS

Subcircuit pins:
Circuit 1: sg13g2_xnor2_1                  |Circuit 2: sg13g2_xnor2_1                  
-------------------------------------------|-------------------------------------------
Y                                          |Y                                          
A                                          |A                                          
B                                          |B                                          
VDD                                        |VDD                                        
VSS                                        |VSS                                        
---------------------------------------------------------------------------------------
Cell pin lists are equivalent.
Device classes sg13g2_xnor2_1 and sg13g2_xnor2_1 are equivalent.

Cell sg13g2_a21oi_1 (0) disconnected node: VSS
Cell sg13g2_a21oi_1 (0) disconnected node: VDD
Cell sg13g2_a21oi_1 (0) disconnected node: A1
Cell sg13g2_a21oi_1 (0) disconnected node: A2
Cell sg13g2_a21oi_1 (0) disconnected node: Y
Cell sg13g2_a21oi_1 (0) disconnected node: B1

Subcircuit pins:
Circuit 1: sg13g2_a21oi_1                  |Circuit 2: sg13g2_a21oi_1                  
-------------------------------------------|-------------------------------------------
VSS                                        |VSS                                        
VDD                                        |VDD                                        
A1                                         |A1                                         
A2                                         |A2                                         
Y                                          |Y                                          
B1                                         |B1                                         
---------------------------------------------------------------------------------------
Cell pin lists are equivalent.
Device classes sg13g2_a21oi_1 and sg13g2_a21oi_1 are equivalent.

Cell sg13g2_dfrbpq_2 (0) disconnected node: RESET_B
Cell sg13g2_dfrbpq_2 (0) disconnected node: VSS
Cell sg13g2_dfrbpq_2 (0) disconnected node: VDD
Cell sg13g2_dfrbpq_2 (0) disconnected node: D
Cell sg13g2_dfrbpq_2 (0) disconnected node: Q
Cell sg13g2_dfrbpq_2 (0) disconnected node: CLK

Subcircuit pins:
Circuit 1: sg13g2_dfrbpq_2                 |Circuit 2: sg13g2_dfrbpq_2                 
-------------------------------------------|-------------------------------------------
RESET_B                                    |RESET_B                                    
VSS                                        |VSS                                        
VDD                                        |VDD                                        
D                                          |D                                          
Q                                          |Q                                          
CLK                                        |CLK                                        
---------------------------------------------------------------------------------------
Cell pin lists are equivalent.
Device classes sg13g2_dfrbpq_2 and sg13g2_dfrbpq_2 are equivalent.

Cell sg13g2_dlygate4sd3_1 (0) disconnected node: A
Cell sg13g2_dlygate4sd3_1 (0) disconnected node: VDD
Cell sg13g2_dlygate4sd3_1 (0) disconnected node: VSS
Cell sg13g2_dlygate4sd3_1 (0) disconnected node: X

Subcircuit pins:
Circuit 1: sg13g2_dlygate4sd3_1            |Circuit 2: sg13g2_dlygate4sd3_1            
-------------------------------------------|-------------------------------------------
A                                          |A                                          
VDD                                        |VDD                                        
VSS                                        |VSS                                        
X                                          |X                                          
---------------------------------------------------------------------------------------
Cell pin lists are equivalent.
Device classes sg13g2_dlygate4sd3_1 and sg13g2_dlygate4sd3_1 are equivalent.

Cell sg13g2_inv_1 (0) disconnected node: VDD
Cell sg13g2_inv_1 (0) disconnected node: Y
Cell sg13g2_inv_1 (0) disconnected node: A
Cell sg13g2_inv_1 (0) disconnected node: VSS

Subcircuit pins:
Circuit 1: sg13g2_inv_1                    |Circuit 2: sg13g2_inv_1                    
-------------------------------------------|-------------------------------------------
VDD                                        |VDD                                        
Y                                          |Y                                          
A                                          |A                                          
VSS                                        |VSS                                        
---------------------------------------------------------------------------------------
Cell pin lists are equivalent.
Device classes sg13g2_inv_1 and sg13g2_inv_1 are equivalent.

Cell sg13g2_dfrbpq_1 (0) disconnected node: RESET_B
Cell sg13g2_dfrbpq_1 (0) disconnected node: VSS
Cell sg13g2_dfrbpq_1 (0) disconnected node: VDD
Cell sg13g2_dfrbpq_1 (0) disconnected node: D
Cell sg13g2_dfrbpq_1 (0) disconnected node: Q
Cell sg13g2_dfrbpq_1 (0) disconnected node: CLK

Subcircuit pins:
Circuit 1: sg13g2_dfrbpq_1                 |Circuit 2: sg13g2_dfrbpq_1                 
-------------------------------------------|-------------------------------------------
RESET_B                                    |RESET_B                                    
VSS                                        |VSS                                        
VDD                                        |VDD                                        
D                                          |D                                          
Q                                          |Q                                          
CLK                                        |CLK                                        
---------------------------------------------------------------------------------------
Cell pin lists are equivalent.
Device classes sg13g2_dfrbpq_1 and sg13g2_dfrbpq_1 are equivalent.

Cell sg13g2_buf_1 (0) disconnected node: A
Cell sg13g2_buf_1 (0) disconnected node: X
Cell sg13g2_buf_1 (0) disconnected node: VDD
Cell sg13g2_buf_1 (0) disconnected node: VSS

Subcircuit pins:
Circuit 1: sg13g2_buf_1                    |Circuit 2: sg13g2_buf_1                    
-------------------------------------------|-------------------------------------------
A                                          |A                                          
X                                          |X                                          
VDD                                        |VDD                                        
VSS                                        |VSS                                        
---------------------------------------------------------------------------------------
Cell pin lists are equivalent.
Device classes sg13g2_buf_1 and sg13g2_buf_1 are equivalent.

Cell sg13g2_nand4_1 (0) disconnected node: B
Cell sg13g2_nand4_1 (0) disconnected node: C
Cell sg13g2_nand4_1 (0) disconnected node: A
Cell sg13g2_nand4_1 (0) disconnected node: Y
Cell sg13g2_nand4_1 (0) disconnected node: VDD
Cell sg13g2_nand4_1 (0) disconnected node: VSS
Cell sg13g2_nand4_1 (0) disconnected node: D

Subcircuit pins:
Circuit 1: sg13g2_nand4_1                  |Circuit 2: sg13g2_nand4_1                  
-------------------------------------------|-------------------------------------------
B                                          |B                                          
C                                          |C                                          
A                                          |A                                          
Y                                          |Y                                          
VDD                                        |VDD                                        
VSS                                        |VSS                                        
D                                          |D                                          
---------------------------------------------------------------------------------------
Cell pin lists are equivalent.
Device classes sg13g2_nand4_1 and sg13g2_nand4_1 are equivalent.

Cell sg13g2_xor2_1 (0) disconnected node: B
Cell sg13g2_xor2_1 (0) disconnected node: A
Cell sg13g2_xor2_1 (0) disconnected node: X
Cell sg13g2_xor2_1 (0) disconnected node: VDD
Cell sg13g2_xor2_1 (0) disconnected node: VSS

Subcircuit pins:
Circuit 1: sg13g2_xor2_1                   |Circuit 2: sg13g2_xor2_1                   
-------------------------------------------|-------------------------------------------
B                                          |B                                          
A                                          |A                                          
X                                          |X                                          
VDD                                        |VDD                                        
VSS                                        |VSS                                        
---------------------------------------------------------------------------------------
Cell pin lists are equivalent.
Device classes sg13g2_xor2_1 and sg13g2_xor2_1 are equivalent.

Cell sg13g2_a22oi_1 (0) disconnected node: Y
Cell sg13g2_a22oi_1 (0) disconnected node: B1
Cell sg13g2_a22oi_1 (0) disconnected node: B2
Cell sg13g2_a22oi_1 (0) disconnected node: A2
Cell sg13g2_a22oi_1 (0) disconnected node: A1
Cell sg13g2_a22oi_1 (0) disconnected node: VDD
Cell sg13g2_a22oi_1 (0) disconnected node: VSS

Subcircuit pins:
Circuit 1: sg13g2_a22oi_1                  |Circuit 2: sg13g2_a22oi_1                  
-------------------------------------------|-------------------------------------------
Y                                          |Y                                          
B1                                         |B1                                         
B2                                         |B2                                         
A2                                         |A2                                         
A1                                         |A1                                         
VDD                                        |VDD                                        
VSS                                        |VSS                                        
---------------------------------------------------------------------------------------
Cell pin lists are equivalent.
Device classes sg13g2_a22oi_1 and sg13g2_a22oi_1 are equivalent.

Cell sg13g2_nand2b_2 (0) disconnected node: Y
Cell sg13g2_nand2b_2 (0) disconnected node: B
Cell sg13g2_nand2b_2 (0) disconnected node: VDD
Cell sg13g2_nand2b_2 (0) disconnected node: VSS
Cell sg13g2_nand2b_2 (0) disconnected node: A_N

Subcircuit pins:
Circuit 1: sg13g2_nand2b_2                 |Circuit 2: sg13g2_nand2b_2                 
-------------------------------------------|-------------------------------------------
Y                                          |Y                                          
B                                          |B                                          
VDD                                        |VDD                                        
VSS                                        |VSS                                        
A_N                                        |A_N                                        
---------------------------------------------------------------------------------------
Cell pin lists are equivalent.
Device classes sg13g2_nand2b_2 and sg13g2_nand2b_2 are equivalent.

Cell sg13g2_nor4_1 (0) disconnected node: A
Cell sg13g2_nor4_1 (0) disconnected node: B
Cell sg13g2_nor4_1 (0) disconnected node: C
Cell sg13g2_nor4_1 (0) disconnected node: D
Cell sg13g2_nor4_1 (0) disconnected node: Y
Cell sg13g2_nor4_1 (0) disconnected node: VDD
Cell sg13g2_nor4_1 (0) disconnected node: VSS

Subcircuit pins:
Circuit 1: sg13g2_nor4_1                   |Circuit 2: sg13g2_nor4_1                   
-------------------------------------------|-------------------------------------------
A                                          |A                                          
B                                          |B                                          
C                                          |C                                          
D                                          |D                                          
Y                                          |Y                                          
VDD                                        |VDD                                        
VSS                                        |VSS                                        
---------------------------------------------------------------------------------------
Cell pin lists are equivalent.
Device classes sg13g2_nor4_1 and sg13g2_nor4_1 are equivalent.

Cell sg13g2_a21o_2 (0) disconnected node: A2
Cell sg13g2_a21o_2 (0) disconnected node: A1
Cell sg13g2_a21o_2 (0) disconnected node: B1
Cell sg13g2_a21o_2 (0) disconnected node: X
Cell sg13g2_a21o_2 (0) disconnected node: VDD
Cell sg13g2_a21o_2 (0) disconnected node: VSS

Subcircuit pins:
Circuit 1: sg13g2_a21o_2                   |Circuit 2: sg13g2_a21o_2                   
-------------------------------------------|-------------------------------------------
A2                                         |A2                                         
A1                                         |A1                                         
B1                                         |B1                                         
X                                          |X                                          
VDD                                        |VDD                                        
VSS                                        |VSS                                        
---------------------------------------------------------------------------------------
Cell pin lists are equivalent.
Device classes sg13g2_a21o_2 and sg13g2_a21o_2 are equivalent.

Cell sg13g2_mux2_1 (0) disconnected node: A0
Cell sg13g2_mux2_1 (0) disconnected node: A1
Cell sg13g2_mux2_1 (0) disconnected node: S
Cell sg13g2_mux2_1 (0) disconnected node: X
Cell sg13g2_mux2_1 (0) disconnected node: VDD
Cell sg13g2_mux2_1 (0) disconnected node: VSS

Subcircuit pins:
Circuit 1: sg13g2_mux2_1                   |Circuit 2: sg13g2_mux2_1                   
-------------------------------------------|-------------------------------------------
A0                                         |A0                                         
A1                                         |A1                                         
S                                          |S                                          
X                                          |X                                          
VDD                                        |VDD                                        
VSS                                        |VSS                                        
---------------------------------------------------------------------------------------
Cell pin lists are equivalent.
Device classes sg13g2_mux2_1 and sg13g2_mux2_1 are equivalent.

Cell sg13g2_mux4_1 (0) disconnected node: S0
Cell sg13g2_mux4_1 (0) disconnected node: A0
Cell sg13g2_mux4_1 (0) disconnected node: A1
Cell sg13g2_mux4_1 (0) disconnected node: A2
Cell sg13g2_mux4_1 (0) disconnected node: A3
Cell sg13g2_mux4_1 (0) disconnected node: S1
Cell sg13g2_mux4_1 (0) disconnected node: X
Cell sg13g2_mux4_1 (0) disconnected node: VDD
Cell sg13g2_mux4_1 (0) disconnected node: VSS

Subcircuit pins:
Circuit 1: sg13g2_mux4_1                   |Circuit 2: sg13g2_mux4_1                   
-------------------------------------------|-------------------------------------------
S0                                         |S0                                         
A0                                         |A0                                         
A1                                         |A1                                         
A2                                         |A2                                         
A3                                         |A3                                         
S1                                         |S1                                         
X                                          |X                                          
VDD                                        |VDD                                        
VSS                                        |VSS                                        
---------------------------------------------------------------------------------------
Cell pin lists are equivalent.
Device classes sg13g2_mux4_1 and sg13g2_mux4_1 are equivalent.

Cell sg13g2_or2_1 (0) disconnected node: VSS
Cell sg13g2_or2_1 (0) disconnected node: VDD
Cell sg13g2_or2_1 (0) disconnected node: X
Cell sg13g2_or2_1 (0) disconnected node: B
Cell sg13g2_or2_1 (0) disconnected node: A

Subcircuit pins:
Circuit 1: sg13g2_or2_1                    |Circuit 2: sg13g2_or2_1                    
-------------------------------------------|-------------------------------------------
VSS                                        |VSS                                        
VDD                                        |VDD                                        
X                                          |X                                          
B                                          |B                                          
A                                          |A                                          
---------------------------------------------------------------------------------------
Cell pin lists are equivalent.
Device classes sg13g2_or2_1 and sg13g2_or2_1 are equivalent.

Cell sg13g2_a21o_1 (0) disconnected node: A2
Cell sg13g2_a21o_1 (0) disconnected node: A1
Cell sg13g2_a21o_1 (0) disconnected node: B1
Cell sg13g2_a21o_1 (0) disconnected node: X
Cell sg13g2_a21o_1 (0) disconnected node: VDD
Cell sg13g2_a21o_1 (0) disconnected node: VSS

Subcircuit pins:
Circuit 1: sg13g2_a21o_1                   |Circuit 2: sg13g2_a21o_1                   
-------------------------------------------|-------------------------------------------
A2                                         |A2                                         
A1                                         |A1                                         
B1                                         |B1                                         
X                                          |X                                          
VDD                                        |VDD                                        
VSS                                        |VSS                                        
---------------------------------------------------------------------------------------
Cell pin lists are equivalent.
Device classes sg13g2_a21o_1 and sg13g2_a21o_1 are equivalent.

Cell sg13g2_a221oi_1 (0) disconnected node: VDD
Cell sg13g2_a221oi_1 (0) disconnected node: VSS
Cell sg13g2_a221oi_1 (0) disconnected node: B2
Cell sg13g2_a221oi_1 (0) disconnected node: C1
Cell sg13g2_a221oi_1 (0) disconnected node: B1
Cell sg13g2_a221oi_1 (0) disconnected node: A1
Cell sg13g2_a221oi_1 (0) disconnected node: Y
Cell sg13g2_a221oi_1 (0) disconnected node: A2

Subcircuit pins:
Circuit 1: sg13g2_a221oi_1                 |Circuit 2: sg13g2_a221oi_1                 
-------------------------------------------|-------------------------------------------
VDD                                        |VDD                                        
VSS                                        |VSS                                        
B2                                         |B2                                         
C1                                         |C1                                         
B1                                         |B1                                         
A1                                         |A1                                         
Y                                          |Y                                          
A2                                         |A2                                         
---------------------------------------------------------------------------------------
Cell pin lists are equivalent.
Device classes sg13g2_a221oi_1 and sg13g2_a221oi_1 are equivalent.

Cell sg13g2_a21oi_2 (0) disconnected node: VSS
Cell sg13g2_a21oi_2 (0) disconnected node: VDD
Cell sg13g2_a21oi_2 (0) disconnected node: B1
Cell sg13g2_a21oi_2 (0) disconnected node: Y
Cell sg13g2_a21oi_2 (0) disconnected node: A2
Cell sg13g2_a21oi_2 (0) disconnected node: A1

Subcircuit pins:
Circuit 1: sg13g2_a21oi_2                  |Circuit 2: sg13g2_a21oi_2                  
-------------------------------------------|-------------------------------------------
VSS                                        |VSS                                        
VDD                                        |VDD                                        
B1                                         |B1                                         
Y                                          |Y                                          
A2                                         |A2                                         
A1                                         |A1                                         
---------------------------------------------------------------------------------------
Cell pin lists are equivalent.
Device classes sg13g2_a21oi_2 and sg13g2_a21oi_2 are equivalent.

Cell sg13g2_nand2_2 (0) disconnected node: Y
Cell sg13g2_nand2_2 (0) disconnected node: A
Cell sg13g2_nand2_2 (0) disconnected node: B
Cell sg13g2_nand2_2 (0) disconnected node: VDD
Cell sg13g2_nand2_2 (0) disconnected node: VSS

Subcircuit pins:
Circuit 1: sg13g2_nand2_2                  |Circuit 2: sg13g2_nand2_2                  
-------------------------------------------|-------------------------------------------
Y                                          |Y                                          
A                                          |A                                          
B                                          |B                                          
VDD                                        |VDD                                        
VSS                                        |VSS                                        
---------------------------------------------------------------------------------------
Cell pin lists are equivalent.
Device classes sg13g2_nand2_2 and sg13g2_nand2_2 are equivalent.

Cell sg13g2_nor2b_2 (0) disconnected node: A
Cell sg13g2_nor2b_2 (0) disconnected node: B_N
Cell sg13g2_nor2b_2 (0) disconnected node: Y
Cell sg13g2_nor2b_2 (0) disconnected node: VDD
Cell sg13g2_nor2b_2 (0) disconnected node: VSS

Subcircuit pins:
Circuit 1: sg13g2_nor2b_2                  |Circuit 2: sg13g2_nor2b_2                  
-------------------------------------------|-------------------------------------------
A                                          |A                                          
B_N                                        |B_N                                        
Y                                          |Y                                          
VDD                                        |VDD                                        
VSS                                        |VSS                                        
---------------------------------------------------------------------------------------
Cell pin lists are equivalent.
Device classes sg13g2_nor2b_2 and sg13g2_nor2b_2 are equivalent.

Cell sg13g2_or4_1 (0) disconnected node: A
Cell sg13g2_or4_1 (0) disconnected node: B
Cell sg13g2_or4_1 (0) disconnected node: C
Cell sg13g2_or4_1 (0) disconnected node: D
Cell sg13g2_or4_1 (0) disconnected node: X
Cell sg13g2_or4_1 (0) disconnected node: VDD
Cell sg13g2_or4_1 (0) disconnected node: VSS

Subcircuit pins:
Circuit 1: sg13g2_or4_1                    |Circuit 2: sg13g2_or4_1                    
-------------------------------------------|-------------------------------------------
A                                          |A                                          
B                                          |B                                          
C                                          |C                                          
D                                          |D                                          
X                                          |X                                          
VDD                                        |VDD                                        
VSS                                        |VSS                                        
---------------------------------------------------------------------------------------
Cell pin lists are equivalent.
Device classes sg13g2_or4_1 and sg13g2_or4_1 are equivalent.

Cell sg13g2_and3_1 (0) disconnected node: X
Cell sg13g2_and3_1 (0) disconnected node: A
Cell sg13g2_and3_1 (0) disconnected node: B
Cell sg13g2_and3_1 (0) disconnected node: C
Cell sg13g2_and3_1 (0) disconnected node: VDD
Cell sg13g2_and3_1 (0) disconnected node: VSS

Subcircuit pins:
Circuit 1: sg13g2_and3_1                   |Circuit 2: sg13g2_and3_1                   
-------------------------------------------|-------------------------------------------
X                                          |X                                          
A                                          |A                                          
B                                          |B                                          
C                                          |C                                          
VDD                                        |VDD                                        
VSS                                        |VSS                                        
---------------------------------------------------------------------------------------
Cell pin lists are equivalent.
Device classes sg13g2_and3_1 and sg13g2_and3_1 are equivalent.

Cell sg13g2_nor3_1 (0) disconnected node: A
Cell sg13g2_nor3_1 (0) disconnected node: B
Cell sg13g2_nor3_1 (0) disconnected node: C
Cell sg13g2_nor3_1 (0) disconnected node: Y
Cell sg13g2_nor3_1 (0) disconnected node: VDD
Cell sg13g2_nor3_1 (0) disconnected node: VSS

Subcircuit pins:
Circuit 1: sg13g2_nor3_1                   |Circuit 2: sg13g2_nor3_1                   
-------------------------------------------|-------------------------------------------
A                                          |A                                          
B                                          |B                                          
C                                          |C                                          
Y                                          |Y                                          
VDD                                        |VDD                                        
VSS                                        |VSS                                        
---------------------------------------------------------------------------------------
Cell pin lists are equivalent.
Device classes sg13g2_nor3_1 and sg13g2_nor3_1 are equivalent.

Cell sg13g2_nor2_2 (0) disconnected node: A
Cell sg13g2_nor2_2 (0) disconnected node: B
Cell sg13g2_nor2_2 (0) disconnected node: Y
Cell sg13g2_nor2_2 (0) disconnected node: VDD
Cell sg13g2_nor2_2 (0) disconnected node: VSS

Subcircuit pins:
Circuit 1: sg13g2_nor2_2                   |Circuit 2: sg13g2_nor2_2                   
-------------------------------------------|-------------------------------------------
A                                          |A                                          
B                                          |B                                          
Y                                          |Y                                          
VDD                                        |VDD                                        
VSS                                        |VSS                                        
---------------------------------------------------------------------------------------
Cell pin lists are equivalent.
Device classes sg13g2_nor2_2 and sg13g2_nor2_2 are equivalent.

Cell sg13g2_nor2b_1 (0) disconnected node: A
Cell sg13g2_nor2b_1 (0) disconnected node: B_N
Cell sg13g2_nor2b_1 (0) disconnected node: Y
Cell sg13g2_nor2b_1 (0) disconnected node: VDD
Cell sg13g2_nor2b_1 (0) disconnected node: VSS

Subcircuit pins:
Circuit 1: sg13g2_nor2b_1                  |Circuit 2: sg13g2_nor2b_1                  
-------------------------------------------|-------------------------------------------
A                                          |A                                          
B_N                                        |B_N                                        
Y                                          |Y                                          
VDD                                        |VDD                                        
VSS                                        |VSS                                        
---------------------------------------------------------------------------------------
Cell pin lists are equivalent.
Device classes sg13g2_nor2b_1 and sg13g2_nor2b_1 are equivalent.

Cell sg13g2_inv_2 (0) disconnected node: Y
Cell sg13g2_inv_2 (0) disconnected node: A
Cell sg13g2_inv_2 (0) disconnected node: VDD
Cell sg13g2_inv_2 (0) disconnected node: VSS

Subcircuit pins:
Circuit 1: sg13g2_inv_2                    |Circuit 2: sg13g2_inv_2                    
-------------------------------------------|-------------------------------------------
Y                                          |Y                                          
A                                          |A                                          
VDD                                        |VDD                                        
VSS                                        |VSS                                        
---------------------------------------------------------------------------------------
Cell pin lists are equivalent.
Device classes sg13g2_inv_2 and sg13g2_inv_2 are equivalent.

Cell sg13g2_inv_4 (0) disconnected node: A
Cell sg13g2_inv_4 (0) disconnected node: Y
Cell sg13g2_inv_4 (0) disconnected node: VDD
Cell sg13g2_inv_4 (0) disconnected node: VSS

Subcircuit pins:
Circuit 1: sg13g2_inv_4                    |Circuit 2: sg13g2_inv_4                    
-------------------------------------------|-------------------------------------------
A                                          |A                                          
Y                                          |Y                                          
VDD                                        |VDD                                        
VSS                                        |VSS                                        
---------------------------------------------------------------------------------------
Cell pin lists are equivalent.
Device classes sg13g2_inv_4 and sg13g2_inv_4 are equivalent.

Cell sg13g2_buf_2 (0) disconnected node: A
Cell sg13g2_buf_2 (0) disconnected node: X
Cell sg13g2_buf_2 (0) disconnected node: VDD
Cell sg13g2_buf_2 (0) disconnected node: VSS

Subcircuit pins:
Circuit 1: sg13g2_buf_2                    |Circuit 2: sg13g2_buf_2                    
-------------------------------------------|-------------------------------------------
A                                          |A                                          
X                                          |X                                          
VDD                                        |VDD                                        
VSS                                        |VSS                                        
---------------------------------------------------------------------------------------
Cell pin lists are equivalent.
Device classes sg13g2_buf_2 and sg13g2_buf_2 are equivalent.

Cell sg13g2_and3_2 (0) disconnected node: X
Cell sg13g2_and3_2 (0) disconnected node: A
Cell sg13g2_and3_2 (0) disconnected node: B
Cell sg13g2_and3_2 (0) disconnected node: C
Cell sg13g2_and3_2 (0) disconnected node: VDD
Cell sg13g2_and3_2 (0) disconnected node: VSS

Subcircuit pins:
Circuit 1: sg13g2_and3_2                   |Circuit 2: sg13g2_and3_2                   
-------------------------------------------|-------------------------------------------
X                                          |X                                          
A                                          |A                                          
B                                          |B                                          
C                                          |C                                          
VDD                                        |VDD                                        
VSS                                        |VSS                                        
---------------------------------------------------------------------------------------
Cell pin lists are equivalent.
Device classes sg13g2_and3_2 and sg13g2_and3_2 are equivalent.

Cell sg13g2_nand2b_1 (0) disconnected node: Y
Cell sg13g2_nand2b_1 (0) disconnected node: B
Cell sg13g2_nand2b_1 (0) disconnected node: A_N
Cell sg13g2_nand2b_1 (0) disconnected node: VDD
Cell sg13g2_nand2b_1 (0) disconnected node: VSS

Subcircuit pins:
Circuit 1: sg13g2_nand2b_1                 |Circuit 2: sg13g2_nand2b_1                 
-------------------------------------------|-------------------------------------------
Y                                          |Y                                          
B                                          |B                                          
A_N                                        |A_N                                        
VDD                                        |VDD                                        
VSS                                        |VSS                                        
---------------------------------------------------------------------------------------
Cell pin lists are equivalent.
Device classes sg13g2_nand2b_1 and sg13g2_nand2b_1 are equivalent.

Class cordic (0):  Merged 1063 parallel devices.
Class cordic (1):  Merged 1063 parallel devices.
Subcircuit summary:
Circuit 1: cordic                          |Circuit 2: cordic                          
-------------------------------------------|-------------------------------------------
sg13g2_fill_2 (258->1)                     |sg13g2_fill_2 (258->1)                     
sg13g2_decap_8 (381->1)                    |sg13g2_decap_8 (381->1)                    
sg13g2_decap_4 (154->1)                    |sg13g2_decap_4 (154->1)                    
sg13g2_fill_1 (274->1)                     |sg13g2_fill_1 (274->1)                     
sg13g2_o21ai_1 (106)                       |sg13g2_o21ai_1 (106)                       
sg13g2_nand3_1 (11)                        |sg13g2_nand3_1 (11)                        
sg13g2_and2_1 (26)                         |sg13g2_and2_1 (26)                         
sg13g2_nand3b_1 (3)                        |sg13g2_nand3b_1 (3)                        
sg13g2_nor2_1 (81)                         |sg13g2_nor2_1 (81)                         
sg13g2_nand2_1 (75)                        |sg13g2_nand2_1 (75)                        
sg13g2_buf_8 (104)                         |sg13g2_buf_8 (104)                         
sg13g2_xnor2_1 (71)                        |sg13g2_xnor2_1 (71)                        
sg13g2_a21oi_1 (93)                        |sg13g2_a21oi_1 (93)                        
sg13g2_dfrbpq_2 (36)                       |sg13g2_dfrbpq_2 (36)                       
sg13g2_dlygate4sd3_1 (155)                 |sg13g2_dlygate4sd3_1 (155)                 
sg13g2_inv_1 (127)                         |sg13g2_inv_1 (127)                         
sg13g2_dfrbpq_1 (53)                       |sg13g2_dfrbpq_1 (53)                       
sg13g2_buf_1 (73)                          |sg13g2_buf_1 (73)                          
sg13g2_nand4_1 (3)                         |sg13g2_nand4_1 (3)                         
sg13g2_xor2_1 (30)                         |sg13g2_xor2_1 (30)                         
sg13g2_a22oi_1 (29)                        |sg13g2_a22oi_1 (29)                        
sg13g2_nand2b_2 (4)                        |sg13g2_nand2b_2 (4)                        
sg13g2_nor4_1 (4)                          |sg13g2_nor4_1 (4)                          
sg13g2_a21o_2 (8)                          |sg13g2_a21o_2 (8)                          
sg13g2_mux2_1 (26)                         |sg13g2_mux2_1 (26)                         
sg13g2_mux4_1 (32)                         |sg13g2_mux4_1 (32)                         
sg13g2_or2_1 (11)                          |sg13g2_or2_1 (11)                          
sg13g2_a21o_1 (35)                         |sg13g2_a21o_1 (35)                         
sg13g2_a221oi_1 (5)                        |sg13g2_a221oi_1 (5)                        
sg13g2_a21oi_2 (9)                         |sg13g2_a21oi_2 (9)                         
sg13g2_nand2_2 (3)                         |sg13g2_nand2_2 (3)                         
sg13g2_nor2b_2 (3)                         |sg13g2_nor2b_2 (3)                         
sg13g2_or4_1 (2)                           |sg13g2_or4_1 (2)                           
sg13g2_and3_1 (4)                          |sg13g2_and3_1 (4)                          
sg13g2_nor3_1 (13)                         |sg13g2_nor3_1 (13)                         
sg13g2_nor2_2 (2)                          |sg13g2_nor2_2 (2)                          
sg13g2_nor2b_1 (10)                        |sg13g2_nor2b_1 (10)                        
sg13g2_inv_2 (14)                          |sg13g2_inv_2 (14)                          
sg13g2_inv_4 (1)                           |sg13g2_inv_4 (1)                           
sg13g2_buf_2 (2)                           |sg13g2_buf_2 (2)                           
sg13g2_and3_2 (2)                          |sg13g2_and3_2 (2)                          
sg13g2_nand2b_1 (12)                       |sg13g2_nand2b_1 (12)                       
Number of devices: 1282                    |Number of devices: 1282                    
Number of nets: 1299                       |Number of nets: 1299                       
---------------------------------------------------------------------------------------
Netlists match uniquely.

Subcircuit pins:
Circuit 1: cordic                          |Circuit 2: cordic                          
-------------------------------------------|-------------------------------------------
angle[6]                                   |angle[6]                                   
angle[1]                                   |angle[1]                                   
angle[13]                                  |angle[13]                                  
angle[7]                                   |angle[7]                                   
angle[5]                                   |angle[5]                                   
angle[9]                                   |angle[9]                                   
angle[0]                                   |angle[0]                                   
angle[11]                                  |angle[11]                                  
angle[14]                                  |angle[14]                                  
angle[15]                                  |angle[15]                                  
angle[2]                                   |angle[2]                                   
angle[12]                                  |angle[12]                                  
angle[4]                                   |angle[4]                                   
angle[3]                                   |angle[3]                                   
angle[8]                                   |angle[8]                                   
angle[10]                                  |angle[10]                                  
start                                      |start                                      
cos_out[0]                                 |cos_out[0]                                 
cos_out[15]                                |cos_out[15]                                
cos_out[2]                                 |cos_out[2]                                 
cos_out[3]                                 |cos_out[3]                                 
cos_out[1]                                 |cos_out[1]                                 
cos_out[4]                                 |cos_out[4]                                 
cos_out[5]                                 |cos_out[5]                                 
cos_out[6]                                 |cos_out[6]                                 
cos_out[9]                                 |cos_out[9]                                 
sin_out[10]                                |sin_out[10]                                
sin_out[2]                                 |sin_out[2]                                 
sin_out[3]                                 |sin_out[3]                                 
sin_out[4]                                 |sin_out[4]                                 
sin_out[8]                                 |sin_out[8]                                 
cos_out[10]                                |cos_out[10]                                
cos_out[11]                                |cos_out[11]                                
cos_out[12]                                |cos_out[12]                                
cos_out[13]                                |cos_out[13]                                
cos_out[7]                                 |cos_out[7]                                 
done                                       |done                                       
sin_out[0]                                 |sin_out[0]                                 
sin_out[11]                                |sin_out[11]                                
sin_out[13]                                |sin_out[13]                                
sin_out[14]                                |sin_out[14]                                
sin_out[12]                                |sin_out[12]                                
sin_out[15]                                |sin_out[15]                                
cos_out[14]                                |cos_out[14]                                
cos_out[8]                                 |cos_out[8]                                 
sin_out[1]                                 |sin_out[1]                                 
sin_out[5]                                 |sin_out[5]                                 
sin_out[6]                                 |sin_out[6]                                 
sin_out[7]                                 |sin_out[7]                                 
sin_out[9]                                 |sin_out[9]                                 
clk                                        |clk                                        
reset                                      |reset                                      
VPWR                                       |VPWR                                       
VGND                                       |VGND                                       
---------------------------------------------------------------------------------------
Cell pin lists are equivalent.
Device classes cordic and cordic are equivalent.

Final result: Circuits match uniquely.
.
