145. Printing statistics.

=== cordic ===

   Number of wires:                911
   Number of wire bits:            956
   Number of public wires:          62
   Number of public wire bits:     107
   Number of ports:                  7
   Number of port bits:             52
   Number of memories:               0
   Number of memory bits:            0
   Number of processes:              0
   Number of cells:                937
     sg13g2_a21o_1                  43
     sg13g2_a21oi_1                102
     sg13g2_a221oi_1                 5
     sg13g2_a22oi_1                 29
     sg13g2_and2_1                  26
     sg13g2_and3_1                   6
     sg13g2_dfrbpq_1                89
     sg13g2_inv_1                  135
     sg13g2_mux2_1                  26
     sg13g2_mux4_1                  32
     sg13g2_nand2_1                 78
     sg13g2_nand2b_1                16
     sg13g2_nand3_1                 11
     sg13g2_nand3b_1                 3
     sg13g2_nand4_1                  3
     sg13g2_nor2_1                  83
     sg13g2_nor2b_1                 13
     sg13g2_nor3_1                  13
     sg13g2_nor4_1                   4
     sg13g2_o21ai_1                106
     sg13g2_or2_1                   11
     sg13g2_or4_1                    2
     sg13g2_xnor2_1                 71
     sg13g2_xor2_1                  30

   Chip area for module '\cordic': 13276.683000
     of which used for sequential elements: 4360.003200 (32.84%)

